Change Component Designator: Old Designator=Cboot? New Designator=Cboot1
Change Component Designator: Old Designator=Ccomp? New Designator=Ccomp1
Change Component Designator: Old Designator=Ccomp? New Designator=Ccomp3
Change Component Designator: Old Designator=Cin? New Designator=Cin1
Change Component Designator: Old Designator=Cinx? New Designator=Cinx1
Change Component Designator: Old Designator=Cout? New Designator=Cout1
Change Component Designator: Old Designator=Coutx? New Designator=Coutx1
Change Component Designator: Old Designator=Coutx? New Designator=Coutx3
Change Component Designator: Old Designator=Cramp? New Designator=Cramp1
Change Component Designator: Old Designator=Css? New Designator=Css1
Change Component Designator: Old Designator=Cvcc? New Designator=Cvcc1
Change Component Designator: Old Designator=Cvccx? New Designator=Cvccx1
Change Component Designator: Old Designator=D? New Designator=D7
Change Component Designator: Old Designator=D? New Designator=D8
Change Component Designator: Old Designator=Iout? New Designator=Iout1
Change Component Designator: Old Designator=L? New Designator=L2
Change Component Designator: Old Designator=M? New Designator=M3
Change Component Designator: Old Designator=M? New Designator=M4
Change Component Designator: Old Designator=Rcomp? New Designator=Rcomp1
Change Component Designator: Old Designator=Renable? New Designator=Renable1
Change Component Designator: Old Designator=Rfbb? New Designator=Rfbb1
Change Component Designator: Old Designator=Rfbt? New Designator=Rfbt1
Change Component Designator: Old Designator=Rsense? New Designator=Rsense1
Change Component Designator: Old Designator=Rt? New Designator=Rt1
Change Component Designator: Old Designator=Ruv? New Designator=Ruv3
Change Component Designator: Old Designator=Ruv? New Designator=Ruv4
Change Component Designator: Old Designator=U? New Designator=U7
Change Component Designator: Old Designator=Vin? New Designator=Vin1
