Change Component Designator: Old Designator=Cboot New Designator=Cboot?
Change Component Designator: Old Designator=Ccomp2 New Designator=Ccomp?
Change Component Designator: Old Designator=Ccomp New Designator=Ccomp?
Change Component Designator: Old Designator=Cin New Designator=Cin?
Change Component Designator: Old Designator=Cinx New Designator=Cinx?
Change Component Designator: Old Designator=Cout New Designator=Cout?
Change Component Designator: Old Designator=Coutx2 New Designator=Coutx?
Change Component Designator: Old Designator=Coutx New Designator=Coutx?
Change Component Designator: Old Designator=Cramp New Designator=Cramp?
Change Component Designator: Old Designator=Css New Designator=Css?
Change Component Designator: Old Designator=Cvcc New Designator=Cvcc?
Change Component Designator: Old Designator=Cvccx New Designator=Cvccx?
Change Component Designator: Old Designator=D1 New Designator=D?
Change Component Designator: Old Designator=D2 New Designator=D?
Change Component Designator: Old Designator=Iout New Designator=Iout?
Change Component Designator: Old Designator=L1 New Designator=L?
Change Component Designator: Old Designator=M1 New Designator=M?
Change Component Designator: Old Designator=M2 New Designator=M?
Change Component Designator: Old Designator=Rcomp New Designator=Rcomp?
Change Component Designator: Old Designator=Renable New Designator=Renable?
Change Component Designator: Old Designator=Rfbb New Designator=Rfbb?
Change Component Designator: Old Designator=Rfbt New Designator=Rfbt?
Change Component Designator: Old Designator=Rsense New Designator=Rsense?
Change Component Designator: Old Designator=Rt New Designator=Rt?
Change Component Designator: Old Designator=Ruv1 New Designator=Ruv?
Change Component Designator: Old Designator=Ruv2 New Designator=Ruv?
Change Component Designator: Old Designator=U1 New Designator=U?
Change Component Designator: Old Designator=Vin New Designator=Vin?
