Added Component: Designator=Q1(DQJ8_TEX)
Add component (AddParameter): Name = "Copyright"; Value = "Copyright (C) 2022 Ultra Librarian. All rights reserved."; VariantName = "[No Variations]"
Add component (AddParameter): Name = "Digi-Key_Part_Number_1"; Value = "296-30314-1-ND"; VariantName = "[No Variations]"
Add component (AddParameter): Name = "Digi-Key_Part_Number_2"; Value = "296-30314-2-ND"; VariantName = "[No Variations]"
Add component (AddParameter): Name = "Digi-Key_Part_Number_3"; Value = "296-30314-6-ND"; VariantName = "[No Variations]"
Add component (AddParameter): Name = "Digi-Key_Part_Number_4"; Value = "2156-CSD16342Q5A-ND"; VariantName = "[No Variations]"
Add component (AddParameter): Name = "Manufacturer_Part_Number"; Value = "CSD16342Q5A"; VariantName = "[No Variations]"
Add component (AddParameter): Name = "Mfr_Name"; Value = "Texas Instruments"; VariantName = "[No Variations]"
Add component (AddParameter): Name = "RefDes"; Value = "RefDes"; VariantName = "[No Variations]"
Add component (AddParameter): Name = "Type"; Value = "DEV"; VariantName = "[No Variations]"
Added Component: Designator=Q2(DQJ8_TEX)
Add component (AddParameter): Name = "Copyright"; Value = "Copyright (C) 2022 Ultra Librarian. All rights reserved."; VariantName = "[No Variations]"
Add component (AddParameter): Name = "Digi-Key_Part_Number_1"; Value = "296-30314-1-ND"; VariantName = "[No Variations]"
Add component (AddParameter): Name = "Digi-Key_Part_Number_2"; Value = "296-30314-2-ND"; VariantName = "[No Variations]"
Add component (AddParameter): Name = "Digi-Key_Part_Number_3"; Value = "296-30314-6-ND"; VariantName = "[No Variations]"
Add component (AddParameter): Name = "Digi-Key_Part_Number_4"; Value = "2156-CSD16342Q5A-ND"; VariantName = "[No Variations]"
Add component (AddParameter): Name = "Manufacturer_Part_Number"; Value = "CSD16342Q5A"; VariantName = "[No Variations]"
Add component (AddParameter): Name = "Mfr_Name"; Value = "Texas Instruments"; VariantName = "[No Variations]"
Add component (AddParameter): Name = "RefDes"; Value = "RefDes"; VariantName = "[No Variations]"
Add component (AddParameter): Name = "Type"; Value = "DEV"; VariantName = "[No Variations]"
Added Component: Designator=Q3(DQJ8_TEX)
Add component (AddParameter): Name = "Copyright"; Value = "Copyright (C) 2022 Ultra Librarian. All rights reserved."; VariantName = "[No Variations]"
Add component (AddParameter): Name = "Digi-Key_Part_Number_1"; Value = "296-30314-1-ND"; VariantName = "[No Variations]"
Add component (AddParameter): Name = "Digi-Key_Part_Number_2"; Value = "296-30314-2-ND"; VariantName = "[No Variations]"
Add component (AddParameter): Name = "Digi-Key_Part_Number_3"; Value = "296-30314-6-ND"; VariantName = "[No Variations]"
Add component (AddParameter): Name = "Digi-Key_Part_Number_4"; Value = "2156-CSD16342Q5A-ND"; VariantName = "[No Variations]"
Add component (AddParameter): Name = "Manufacturer_Part_Number"; Value = "CSD16342Q5A"; VariantName = "[No Variations]"
Add component (AddParameter): Name = "Mfr_Name"; Value = "Texas Instruments"; VariantName = "[No Variations]"
Add component (AddParameter): Name = "RefDes"; Value = "RefDes"; VariantName = "[No Variations]"
Add component (AddParameter): Name = "Type"; Value = "DEV"; VariantName = "[No Variations]"
Added Component: Designator=Q4(PG-TDSON-8_BSC026N02KSGAUMA1_INF)
Add component (AddParameter): Name = "Copyright"; Value = "Copyright (C) 2022 Ultra Librarian. All rights reserved."; VariantName = "[No Variations]"
Add component (AddParameter): Name = "Digi-Key_Part_Number_1"; Value = "BSC026N02KSGAUMA1TR-ND"; VariantName = "[No Variations]"
Add component (AddParameter): Name = "Digi-Key_Part_Number_2"; Value = "BSC026N02KSGAUMA1CT-ND"; VariantName = "[No Variations]"
Add component (AddParameter): Name = "Digi-Key_Part_Number_3"; Value = "BSC026N02KSGAUMA1DKR-ND"; VariantName = "[No Variations]"
Add component (AddParameter): Name = "Manufacturer_Part_Number"; Value = "BSC026N02KSGAUMA1"; VariantName = "[No Variations]"
Add component (AddParameter): Name = "Mfr_Name"; Value = "Infineon"; VariantName = "[No Variations]"
Add component (AddParameter): Name = "RefDes"; Value = "RefDes"; VariantName = "[No Variations]"
Add component (AddParameter): Name = "Type"; Value = "DEV"; VariantName = "[No Variations]"
Added Pin To Net: NetName=NetC17_2 Pin=Q1-1
Added Pin To Net: NetName=NetC17_2 Pin=Q1-2
Added Pin To Net: NetName=NetC17_2 Pin=Q1-3
Added Pin To Net: NetName=VOUT Pin=Q1-5
Added Pin To Net: NetName=VOUT Pin=Q1-6
Added Pin To Net: NetName=VOUT Pin=Q1-7
Added Pin To Net: NetName=VOUT Pin=Q1-8
Added Pin To Net: NetName=GND Pin=Q2-1
Added Pin To Net: NetName=GND Pin=Q2-2
Added Pin To Net: NetName=GND Pin=Q2-3
Added Pin To Net: NetName=NetD2_2 Pin=Q2-5
Added Pin To Net: NetName=NetD2_2 Pin=Q2-6
Added Pin To Net: NetName=NetD2_2 Pin=Q2-7
Added Pin To Net: NetName=NetD2_2 Pin=Q2-8
Added Pin To Net: NetName=NetC30_2 Pin=Q3-1
Added Pin To Net: NetName=NetC30_2 Pin=Q3-2
Added Pin To Net: NetName=NetC30_2 Pin=Q3-3
Added Pin To Net: NetName=VOUT Pin=Q3-5
Added Pin To Net: NetName=VOUT Pin=Q3-6
Added Pin To Net: NetName=VOUT Pin=Q3-7
Added Pin To Net: NetName=VOUT Pin=Q3-8
Added Pin To Net: NetName=GND Pin=Q4-2
Added Pin To Net: NetName=GND Pin=Q4-3
Added Pin To Net: NetName=NetD7_2 Pin=Q4-5
Added Pin To Net: NetName=NetD7_2 Pin=Q4-6
Added Pin To Net: NetName=NetD7_2 Pin=Q4-7
Added Pin To Net: NetName=NetD7_2 Pin=Q4-8
Added Pin To Net: NetName=NetQ1_4 Pin=Q1-4
Added Pin To Net: NetName=NetQ1_4 Pin=U2-19
Added Net: Name=NetQ1_4
Added Pin To Net: NetName=NetQ2_4 Pin=Q2-4
Added Pin To Net: NetName=NetQ2_4 Pin=U2-15
Added Net: Name=NetQ2_4
Added Pin To Net: NetName=NetQ3_4 Pin=Q3-4
Added Pin To Net: NetName=NetQ3_4 Pin=U5-19
Added Net: Name=NetQ3_4
Added Pin To Net: NetName=NetQ4_4 Pin=Q4-4
Added Pin To Net: NetName=NetQ4_4 Pin=U5-15
Added Net: Name=NetQ4_4
Added Member To Class: ClassName=U_7.4V_BOOST Member=Component Q1 CSD16342Q5A
Added Member To Class: ClassName=U_7.4V_BOOST Member=Component Q2 CSD16342Q5A
Added Member To Class: ClassName=U_3.3V_BUCK Member=Component Q3 CSD16342Q5A
Added Member To Class: ClassName=U_3.3V_BUCK Member=Component Q4 BSC026N02KSGAUMA1
