Removed Member From Class: ClassName=U_Connector Member=J4
Change Component Footprint: Designator=TP1 Old Footprint=PCBComponent New Footprint=PCBComponent
Change Component Footprint: Designator=TP2 Old Footprint=PCBComponent New Footprint=PCBComponent
Change Component Footprint: Designator=TP3 Old Footprint=PCBComponent New Footprint=PCBComponent
Change Component Footprint: Designator=TP4 Old Footprint=PCBComponent New Footprint=PCBComponent
Change Component Footprint: Designator=TP5 Old Footprint=PCBComponent New Footprint=PCBComponent
Change Component Footprint: Designator=TP6 Old Footprint=PCBComponent New Footprint=PCBComponent
Change Component Footprint: Designator=TP7 Old Footprint=PCBComponent New Footprint=PCBComponent
Change Component Footprint: Designator=TP8 Old Footprint=PCBComponent New Footprint=PCBComponent
Change Component Footprint: Designator=TP9 Old Footprint=PCBComponent New Footprint=PCBComponent
Change Component Footprint: Designator=TP10 Old Footprint=PCBComponent New Footprint=PCBComponent
Change Component Footprint: Designator=TP11 Old Footprint=PCBComponent New Footprint=PCBComponent
Change Component Footprint: Designator=TP12 Old Footprint=PCBComponent New Footprint=PCBComponent
Change Component Footprint: Designator=TP13 Old Footprint=PCBComponent New Footprint=PCBComponent
Change Component Footprint: Designator=TP14 Old Footprint=PCBComponent New Footprint=PCBComponent
Change Component Footprint: Designator=TP15 Old Footprint=PCBComponent New Footprint=PCBComponent
Change Component Footprint: Designator=TP16 Old Footprint=PCBComponent New Footprint=PCBComponent
Change Component Footprint: Designator=TP17 Old Footprint=PCBComponent New Footprint=PCBComponent
Change Component Footprint: Designator=TP18 Old Footprint=PCBComponent New Footprint=PCBComponent
Change Component Footprint: Designator=TP21 Old Footprint=PCBComponent New Footprint=PCBComponent
Change Component Footprint: Designator=TP22 Old Footprint=PCBComponent New Footprint=PCBComponent
Change Component Footprint: Designator=TP24 Old Footprint=PCBComponent New Footprint=PCBComponent
Change Component Footprint: Designator=TP25 Old Footprint=PCBComponent New Footprint=PCBComponent
Change Component Footprint: Designator=TP26 Old Footprint=PCBComponent New Footprint=PCBComponent
Change Component Footprint: Designator=TP27 Old Footprint=PCBComponent New Footprint=PCBComponent
Change Component Footprint: Designator=TP28 Old Footprint=PCBComponent New Footprint=PCBComponent
Change Component Footprint: Designator=TP29 Old Footprint=PCBComponent New Footprint=PCBComponent
Change Component Footprint: Designator=TP30 Old Footprint=PCBComponent New Footprint=PCBComponent
Change Component Footprint: Designator=TP31 Old Footprint=PCBComponent New Footprint=PCBComponent
Change Component Footprint: Designator=TP32 Old Footprint=PCBComponent New Footprint=PCBComponent
Change Component Footprint: Designator=TP33 Old Footprint=PCBComponent New Footprint=PCBComponent
Change Component Footprint: Designator=TP34 Old Footprint=PCBComponent New Footprint=PCBComponent
Change Component Footprint: Designator=TP35 Old Footprint=PCBComponent New Footprint=PCBComponent
Change Component Footprint: Designator=TP36 Old Footprint=PCBComponent New Footprint=PCBComponent
Change Component Footprint: Designator=TP37 Old Footprint=PCBComponent New Footprint=PCBComponent
Added Room: Name=MAIN
Added Room: Name=U_3.3V_BUCK
Added Room: Name=U_7.4V_BOOST
Added Room: Name=U_Connector
Added Room: Name=U_FTDI
Added Room: Name=U_LiPo_Charger
Added Room: Name=U_MCU
Added Room: Name=U_Memory
Added Room: Name=U_Temperature_Sensor
