Change Component Footprint: Designator=TP1 Old Footprint=PCBComponent New Footprint=PCBComponent
Change Component Footprint: Designator=TP2 Old Footprint=PCBComponent New Footprint=PCBComponent
Change Component Footprint: Designator=TP3 Old Footprint=PCBComponent New Footprint=PCBComponent
Change Component Footprint: Designator=TP4 Old Footprint=PCBComponent New Footprint=PCBComponent
Change Component Footprint: Designator=TP5 Old Footprint=PCBComponent New Footprint=PCBComponent
Added Component: Designator=Q4(PG-TDSON-8_BSC026N02KSGAUMA1_INF)
Add component (AddParameter): Name = "Copyright"; Value = "Copyright (C) 2022 Ultra Librarian. All rights reserved."; VariantName = "[No Variations]"
Add component (AddParameter): Name = "Digi-Key_Part_Number_1"; Value = "BSC026N02KSGAUMA1TR-ND"; VariantName = "[No Variations]"
Add component (AddParameter): Name = "Digi-Key_Part_Number_2"; Value = "BSC026N02KSGAUMA1CT-ND"; VariantName = "[No Variations]"
Add component (AddParameter): Name = "Digi-Key_Part_Number_3"; Value = "BSC026N02KSGAUMA1DKR-ND"; VariantName = "[No Variations]"
Add component (AddParameter): Name = "Manufacturer_Part_Number"; Value = "BSC026N02KSGAUMA1"; VariantName = "[No Variations]"
Add component (AddParameter): Name = "Mfr_Name"; Value = "Infineon"; VariantName = "[No Variations]"
Add component (AddParameter): Name = "RefDes"; Value = "RefDes"; VariantName = "[No Variations]"
Add component (AddParameter): Name = "Type"; Value = "DEV"; VariantName = "[No Variations]"
Added Pin To Net: NetName=GND Pin=Q4-1
Added Pin To Net: NetName=GND Pin=Q4-2
Added Pin To Net: NetName=GND Pin=Q4-3
Added Pin To Net: NetName=NetQ4_4 Pin=Q4-4
Added Pin To Net: NetName=NetD7_2 Pin=Q4-5
Added Pin To Net: NetName=NetD7_2 Pin=Q4-6
Added Pin To Net: NetName=NetD7_2 Pin=Q4-7
Added Pin To Net: NetName=NetD7_2 Pin=Q4-8
Added Member To Class: ClassName=U_3.3V_BUCK Member=Component Q4 BSC026N02KSGAUMA1
Added Member To Class: ClassName=U_3.3V_BUCK Member=Component U5 LM25118MH/NOPB
